[debug] [2017-08-01T12:38:01.991Z] ----------------------------------------------------------------------
[debug] [2017-08-01T12:38:01.993Z] Command:      /usr/local/Cellar/node/8.2.1/bin/node /usr/local/bin/firebase deploy
[debug] [2017-08-01T12:38:01.994Z] CLI Version:  3.9.1
[debug] [2017-08-01T12:38:01.994Z] Platform:     darwin
[debug] [2017-08-01T12:38:01.994Z] Node Version: v8.2.1
[debug] [2017-08-01T12:38:01.994Z] Time:         Tue Aug 01 2017 20:38:01 GMT+0800 (+08)
[debug] [2017-08-01T12:38:01.994Z] ----------------------------------------------------------------------
[debug]
[debug] [2017-08-01T12:38:02.011Z] > command requires scopes: ["email","openid","https://www.googleapis.com/auth/cloudplatformprojects.readonly","https://www.googleapis.com/auth/firebase","https://www.googleapis.com/auth/cloud-platform"]
[debug] [2017-08-01T12:38:02.011Z] > authorizing via signed-in user
[debug] [2017-08-01T12:38:02.013Z] > refreshing access token with scopes: ["email","https://www.googleapis.com/auth/cloud-platform","https://www.googleapis.com/auth/cloudplatformprojects.readonly","https://www.googleapis.com/auth/firebase","openid"]
[debug] [2017-08-01T12:38:02.013Z] >>> HTTP REQUEST POST https://www.googleapis.com/oauth2/v3/token { refresh_token: '1/WATpt7fJ0LkNBl1UggIL7SvfZzNuutJHoKhkWLcQ59eYpQKxdagT0YfcGyx_Dh_A',
  client_id: '563584335869-fgrhgmd47bqnekij5i8b5pr03ho849e6.apps.googleusercontent.com',
  client_secret: 'j9iVZfS8kkCEFUPaAeJV0sAi',
  grant_type: 'refresh_token',
  scope: 'email https://www.googleapis.com/auth/cloud-platform https://www.googleapis.com/auth/cloudplatformprojects.readonly https://www.googleapis.com/auth/firebase openid' }
 Tue Aug 01 2017 20:38:02 GMT+0800 (+08)
[debug] [2017-08-01T12:38:02.244Z] <<< HTTP RESPONSE 200
[debug] [2017-08-01T12:38:02.248Z] >>> HTTP REQUEST GET https://admin.firebase.com/v1/projects/arenatv-31f44
 Tue Aug 01 2017 20:38:02 GMT+0800 (+08)
[debug] [2017-08-01T12:38:04.185Z] <<< HTTP RESPONSE 200
[debug] [2017-08-01T12:38:04.186Z] >>> HTTP REQUEST GET https://admin.firebase.com/v1/database/arenatv-31f44/tokens
 Tue Aug 01 2017 20:38:04 GMT+0800 (+08)
[debug] [2017-08-01T12:38:06.438Z] <<< HTTP RESPONSE 200
[info]
[info] === Deploying to 'arenatv-31f44'...
[info]
[info] i  deploying database, functions, hosting
[info] ✔  database: rules ready to deploy.
[debug] [2017-08-01T12:38:08.738Z] > [functions] package.json contents: {
  "name": "functions",
  "description": "Cloud Functions for Firebase",
  "dependencies": {
    "firebase-admin": "~4.2.1",
    "firebase-functions": "^0.5.7"
  },
  "private": true
}
[info] i  functions: ensuring necessary APIs are enabled...
[info] i  runtimeconfig: ensuring necessary APIs are enabled...
[debug] [2017-08-01T12:38:08.740Z] >>> HTTP REQUEST GET https://servicemanagement.googleapis.com/v1/services/cloudfunctions.googleapis.com/projectSettings/arenatv-31f44?view=CONSUMER_VIEW
 Tue Aug 01 2017 20:38:08 GMT+0800 (+08)
[debug] [2017-08-01T12:38:08.740Z] >>> HTTP REQUEST GET https://servicemanagement.googleapis.com/v1/services/runtimeconfig.googleapis.com/projectSettings/arenatv-31f44?view=CONSUMER_VIEW
 Tue Aug 01 2017 20:38:08 GMT+0800 (+08)
[debug] [2017-08-01T12:38:10.862Z] <<< HTTP RESPONSE 200
[info] ✔  runtimeconfig: all necessary APIs are enabled
[debug] [2017-08-01T12:38:10.938Z] <<< HTTP RESPONSE 200
[info] ✔  functions: all necessary APIs are enabled
[debug] [2017-08-01T12:38:10.939Z] >>> HTTP REQUEST GET https://appengine.googleapis.com/v1/apps/arenatv-31f44
 Tue Aug 01 2017 20:38:10 GMT+0800 (+08)
[debug] [2017-08-01T12:38:10.939Z] >>> HTTP REQUEST GET https://apikeys.googleapis.com/v1/projects/arenatv-31f44/apiKeys
 Tue Aug 01 2017 20:38:10 GMT+0800 (+08)
[debug] [2017-08-01T12:38:12.737Z] <<< HTTP RESPONSE 200
[debug] [2017-08-01T12:38:12.742Z] <<< HTTP RESPONSE 200
[info] i  functions: preparing functions directory for uploading...
[debug] [2017-08-01T12:38:14.089Z] >>> HTTP REQUEST GET https://runtimeconfig.googleapis.com/v1beta1/projects/arenatv-31f44/configs
 Tue Aug 01 2017 20:38:14 GMT+0800 (+08)
[debug] [2017-08-01T12:38:14.389Z] <<< HTTP RESPONSE 200
[info] i  hosting: preparing build directory for upload...
[debug] [2017-08-01T12:38:15.681Z] >>> HTTP REQUEST PUT https://deploy.firebase.com/v1/hosting/arenatv-31f44/uploads/-KqSnQqCb3axtlSJ6CGf?fileCount=13&message=
 Tue Aug 01 2017 20:38:15 GMT+0800 (+08)
[debug] [2017-08-01T12:38:40.842Z] <<< HTTP RESPONSE 200
[debug] [2017-08-01T12:38:40.842Z] [hosting] .tgz uploaded successfully, waiting for extraction
[info] ✔  hosting: 13 files uploaded successfully
[info] i  starting release process (may take several minutes)...
[debug] [2017-08-01T12:38:54.896Z] >>> HTTP REQUEST GET https://cloudfunctions.googleapis.com/v1beta2/projects/arenatv-31f44/locations/us-central1/functions
 Tue Aug 01 2017 20:38:54 GMT+0800 (+08)
[debug] [2017-08-01T12:38:56.512Z] <<< HTTP RESPONSE 200
[debug] [2017-08-01T12:38:56.516Z] >>> HTTP REQUEST GET https://cloudfunctions.googleapis.com/v1beta2/projects/arenatv-31f44/locations/us-central1/functions
 Tue Aug 01 2017 20:38:56 GMT+0800 (+08)
[debug] [2017-08-01T12:38:58.021Z] <<< HTTP RESPONSE 200
[debug] [2017-08-01T12:38:58.026Z] >>> HTTP REQUEST POST https://deploy.firebase.com/v1/projects/arenatv-31f44/releases { database: { rulesString: '{\n  "rules": {\n    ".read": "true",\n    ".write": "true"\n  }\n}\n' },
  hosting:
   { public: 'build',
     rewrites: [ [Object] ],
     version: '-KqSnQqCb3axtlSJ6CGf',
     prefix: '-KqSnQqCb3axtlSJ6CGf/',
     manifest: [] } }
 Tue Aug 01 2017 20:38:58 GMT+0800 (+08)
